0 info it worked if it ends with ok
1 verbose cli [ '/usr/local/Cellar/node/7.1.0/bin/node',
1 verbose cli   '/usr/local/bin/npm',
1 verbose cli   'run',
1 verbose cli   'server' ]
2 info using npm@3.10.9
3 info using node@v7.1.0
4 verbose run-script [ 'preserver', 'server', 'postserver' ]
5 info lifecycle rowcache-examples@0.1.0~preserver: rowcache-examples@0.1.0
6 silly lifecycle rowcache-examples@0.1.0~preserver: no script for preserver, continuing
7 info lifecycle rowcache-examples@0.1.0~server: rowcache-examples@0.1.0
8 verbose lifecycle rowcache-examples@0.1.0~server: unsafe-perm in lifecycle true
9 verbose lifecycle rowcache-examples@0.1.0~server: PATH: /usr/local/lib/node_modules/npm/bin/node-gyp-bin:/Users/mkramer/Code/rowcache/example/typescript/node_modules/.bin:/usr/local/Cellar/node/7.1.0/bin:/opt/local/bin:/opt/local/sbin:/Users/mkramer/.cabal/bin:/Applications/ghc-7.8.3.app/Contents/bin:/Users/mkramer/bin:/usr/local/bin:/opt/local/bin:/usr/bin:/bin:/usr/sbin:/sbin:/usr/local/bin:/opt/X11/bin:/usr/texbin
10 verbose lifecycle rowcache-examples@0.1.0~server: CWD: /Users/mkramer/Code/rowcache/example/typescript
11 silly lifecycle rowcache-examples@0.1.0~server: Args: [ '-c', 'node scripts/server.js' ]
12 silly lifecycle rowcache-examples@0.1.0~server: Returned: code: 1  signal: null
13 info lifecycle rowcache-examples@0.1.0~server: Failed to exec server script
14 verbose stack Error: rowcache-examples@0.1.0 server: `node scripts/server.js`
14 verbose stack Exit status 1
14 verbose stack     at EventEmitter.<anonymous> (/usr/local/lib/node_modules/npm/lib/utils/lifecycle.js:255:16)
14 verbose stack     at emitTwo (events.js:106:13)
14 verbose stack     at EventEmitter.emit (events.js:191:7)
14 verbose stack     at ChildProcess.<anonymous> (/usr/local/lib/node_modules/npm/lib/utils/spawn.js:40:14)
14 verbose stack     at emitTwo (events.js:106:13)
14 verbose stack     at ChildProcess.emit (events.js:191:7)
14 verbose stack     at maybeClose (internal/child_process.js:885:16)
14 verbose stack     at Process.ChildProcess._handle.onexit (internal/child_process.js:226:5)
15 verbose pkgid rowcache-examples@0.1.0
16 verbose cwd /Users/mkramer/Code/rowcache/example/typescript
17 error Darwin 16.1.0
18 error argv "/usr/local/Cellar/node/7.1.0/bin/node" "/usr/local/bin/npm" "run" "server"
19 error node v7.1.0
20 error npm  v3.10.9
21 error code ELIFECYCLE
22 error rowcache-examples@0.1.0 server: `node scripts/server.js`
22 error Exit status 1
23 error Failed at the rowcache-examples@0.1.0 server script 'node scripts/server.js'.
23 error Make sure you have the latest version of node.js and npm installed.
23 error If you do, this is most likely a problem with the rowcache-examples package,
23 error not with npm itself.
23 error Tell the author that this fails on your system:
23 error     node scripts/server.js
23 error You can get information on how to open an issue for this project with:
23 error     npm bugs rowcache-examples
23 error Or if that isn't available, you can get their info via:
23 error     npm owner ls rowcache-examples
23 error There is likely additional logging output above.
24 verbose exit [ 1, true ]
