0 info it worked if it ends with ok
1 verbose cli [ '/usr/local/Cellar/node/7.1.0/bin/node',
1 verbose cli   '/usr/local/bin/npm',
1 verbose cli   'run',
1 verbose cli   'pbjs',
1 verbose cli   '-t',
1 verbose cli   'static-module',
1 verbose cli   '-w',
1 verbose cli   'commonjs',
1 verbose cli   '/Users/mkramer/Code/norman/example/foo/bar/norman_messages.js',
1 verbose cli   '/Users/mkramer/Code/norman/example/foo/bar/norman_messages.proto' ]
2 info using npm@3.10.9
3 info using node@v7.1.0
4 verbose stack Error: missing script: pbjs
4 verbose stack     at run (/usr/local/lib/node_modules/npm/lib/run-script.js:151:19)
4 verbose stack     at /usr/local/lib/node_modules/npm/lib/run-script.js:61:5
4 verbose stack     at /usr/local/lib/node_modules/npm/node_modules/read-package-json/read-json.js:356:5
4 verbose stack     at checkBinReferences_ (/usr/local/lib/node_modules/npm/node_modules/read-package-json/read-json.js:320:45)
4 verbose stack     at final (/usr/local/lib/node_modules/npm/node_modules/read-package-json/read-json.js:354:3)
4 verbose stack     at then (/usr/local/lib/node_modules/npm/node_modules/read-package-json/read-json.js:124:5)
4 verbose stack     at ReadFileContext.<anonymous> (/usr/local/lib/node_modules/npm/node_modules/read-package-json/read-json.js:295:20)
4 verbose stack     at ReadFileContext.callback (/usr/local/lib/node_modules/npm/node_modules/graceful-fs/graceful-fs.js:78:16)
4 verbose stack     at FSReqWrap.readFileAfterOpen [as oncomplete] (fs.js:335:13)
5 verbose cwd /Users/mkramer/Code/norman/example
6 error Darwin 16.1.0
7 error argv "/usr/local/Cellar/node/7.1.0/bin/node" "/usr/local/bin/npm" "run" "pbjs" "-t" "static-module" "-w" "commonjs" "/Users/mkramer/Code/norman/example/foo/bar/norman_messages.js" "/Users/mkramer/Code/norman/example/foo/bar/norman_messages.proto"
8 error node v7.1.0
9 error npm  v3.10.9
10 error missing script: pbjs
11 error If you need help, you may report this error at:
11 error     <https://github.com/npm/npm/issues>
12 verbose exit [ 1, true ]
